<?xml version="1.0" encoding="UTF-8"?>
<!-- Generated by org.testng.reporters.JUnitXMLReporter -->
<testsuite ignored="1" hostname="Divyanshu" failures="0" tests="3" name="OrangeHRMTest" time="17.937" errors="0" timestamp="2026-07-14T21:53:07 IST">
  <testcase classname="com.automation.orangehrm.tests.LoginPageTest" name="verifyInvalidLoginTest" time="1.466"/>
  <testcase classname="com.automation.orangehrm.tests.HomePageTest" name="verifyOrangeHRMLogo" time="2.811"/>
  <testcase classname="com.automation.orangehrm.tests.LoginPageTest" name="verifyValidLoginTest" time="5.549"/>
  <testcase classname="com.automation.orangehrm.base.BaseTest" name="@BeforeSuite loadConfig" time="0.0">
    <ignored/>
  </testcase> <!-- @BeforeSuite loadConfig -->
</testsuite> <!-- OrangeHRMTest -->
