<?xml version="1.0" encoding="UTF-8"?>
<testng-results ignored="0" total="3" passed="3" failed="0" skipped="0">
  <reporter-output>
  </reporter-output>
  <suite started-at="2026-07-14T21:52:49 IST" name="OrangeHRMSuite" finished-at="2026-07-14T21:53:07 IST" duration-ms="17937">
    <groups>
    </groups>
    <test started-at="2026-07-14T21:52:49 IST" name="OrangeHRMTest" finished-at="2026-07-14T21:53:07 IST" duration-ms="17937">
      <class name="com.automation.orangehrm.tests.HomePageTest">
        <test-method is-config="true" signature="setup()[pri:0, instance:com.automation.orangehrm.tests.HomePageTest@2cb2fc20]" started-at="2026-07-14T21:52:49 IST" name="setup" finished-at="2026-07-14T21:52:55 IST" duration-ms="5868" status="PASS">
          <reporter-output>
          </reporter-output>
        </test-method> <!-- setup -->
        <test-method is-config="true" signature="setupPages()[pri:0, instance:com.automation.orangehrm.tests.HomePageTest@2cb2fc20]" started-at="2026-07-14T21:52:55 IST" name="setupPages" finished-at="2026-07-14T21:52:55 IST" duration-ms="2" status="PASS">
          <reporter-output>
          </reporter-output>
        </test-method> <!-- setupPages -->
        <test-method signature="verifyOrangeHRMLogo()[pri:0, instance:com.automation.orangehrm.tests.HomePageTest@2cb2fc20]" started-at="2026-07-14T21:52:55 IST" name="verifyOrangeHRMLogo" finished-at="2026-07-14T21:52:58 IST" duration-ms="2811" status="PASS">
          <reporter-output>
          </reporter-output>
        </test-method> <!-- verifyOrangeHRMLogo -->
        <test-method is-config="true" signature="tearDown()[pri:0, instance:com.automation.orangehrm.tests.HomePageTest@2cb2fc20]" started-at="2026-07-14T21:52:58 IST" name="tearDown" finished-at="2026-07-14T21:52:58 IST" duration-ms="204" status="PASS">
          <reporter-output>
          </reporter-output>
        </test-method> <!-- tearDown -->
      </class> <!-- com.automation.orangehrm.tests.HomePageTest -->
      <class name="com.automation.orangehrm.tests.LoginPageTest">
        <test-method is-config="true" signature="loadConfig()[pri:0, instance:com.automation.orangehrm.tests.LoginPageTest@16c069df]" started-at="2026-07-14T21:52:49 IST" name="loadConfig" finished-at="2026-07-14T21:52:49 IST" duration-ms="8" status="PASS">
          <reporter-output>
          </reporter-output>
        </test-method> <!-- loadConfig -->
        <test-method is-config="true" signature="setup()[pri:0, instance:com.automation.orangehrm.tests.LoginPageTest@16c069df]" started-at="2026-07-14T21:52:49 IST" name="setup" finished-at="2026-07-14T21:52:55 IST" duration-ms="5717" status="PASS">
          <reporter-output>
          </reporter-output>
        </test-method> <!-- setup -->
        <test-method is-config="true" signature="setupPages()[pri:0, instance:com.automation.orangehrm.tests.LoginPageTest@16c069df]" started-at="2026-07-14T21:52:55 IST" name="setupPages" finished-at="2026-07-14T21:52:55 IST" duration-ms="3" status="PASS">
          <reporter-output>
          </reporter-output>
        </test-method> <!-- setupPages -->
        <test-method signature="verifyInvalidLoginTest()[pri:0, instance:com.automation.orangehrm.tests.LoginPageTest@16c069df]" started-at="2026-07-14T21:52:55 IST" name="verifyInvalidLoginTest" finished-at="2026-07-14T21:52:56 IST" duration-ms="1466" status="PASS">
          <reporter-output>
          </reporter-output>
        </test-method> <!-- verifyInvalidLoginTest -->
        <test-method is-config="true" signature="tearDown()[pri:0, instance:com.automation.orangehrm.tests.LoginPageTest@16c069df]" started-at="2026-07-14T21:52:56 IST" name="tearDown" finished-at="2026-07-14T21:52:56 IST" duration-ms="217" status="PASS">
          <reporter-output>
          </reporter-output>
        </test-method> <!-- tearDown -->
        <test-method is-config="true" signature="setup()[pri:0, instance:com.automation.orangehrm.tests.LoginPageTest@16c069df]" started-at="2026-07-14T21:52:56 IST" name="setup" finished-at="2026-07-14T21:53:01 IST" duration-ms="4776" status="PASS">
          <reporter-output>
          </reporter-output>
        </test-method> <!-- setup -->
        <test-method is-config="true" signature="setupPages()[pri:0, instance:com.automation.orangehrm.tests.LoginPageTest@16c069df]" started-at="2026-07-14T21:53:01 IST" name="setupPages" finished-at="2026-07-14T21:53:01 IST" duration-ms="1" status="PASS">
          <reporter-output>
          </reporter-output>
        </test-method> <!-- setupPages -->
        <test-method signature="verifyValidLoginTest()[pri:0, instance:com.automation.orangehrm.tests.LoginPageTest@16c069df]" started-at="2026-07-14T21:53:01 IST" name="verifyValidLoginTest" finished-at="2026-07-14T21:53:07 IST" duration-ms="5549" status="PASS">
          <reporter-output>
          </reporter-output>
        </test-method> <!-- verifyValidLoginTest -->
        <test-method is-config="true" signature="tearDown()[pri:0, instance:com.automation.orangehrm.tests.LoginPageTest@16c069df]" started-at="2026-07-14T21:53:07 IST" name="tearDown" finished-at="2026-07-14T21:53:07 IST" duration-ms="173" status="PASS">
          <reporter-output>
          </reporter-output>
        </test-method> <!-- tearDown -->
      </class> <!-- com.automation.orangehrm.tests.LoginPageTest -->
    </test> <!-- OrangeHRMTest -->
  </suite> <!-- OrangeHRMSuite -->
</testng-results>
