<?xml version="1.0" encoding="UTF-8"?>
<!-- Generated by org.testng.reporters.JUnitReportReporter -->
<testsuite hostname="Divyanshu" failures="0" tests="2" name="com.automation.orangehrm.tests.LoginPageTest" time="17.902" errors="0" timestamp="2026-07-14T21:53:07 IST" skipped="0">
  <testcase classname="com.automation.orangehrm.tests.LoginPageTest" name="verifyValidLoginTest" time="10.501"/>
  <testcase classname="com.automation.orangehrm.tests.LoginPageTest" name="verifyInvalidLoginTest" time="7.401"/>
</testsuite> <!-- com.automation.orangehrm.tests.LoginPageTest -->
